This file contains any messages produced by compilers while
running configure, to aid debugging if configure makes a mistake.

It was created by solver configure 0.2, which was
generated by GNU Autoconf 2.63.  Invocation command line was

  $ ./configure 

## --------- ##
## Platform. ##
## --------- ##

hostname = miro.ikulab.net
uname -m = x86_64
uname -r = 2.6.32-573.3.1.el6.x86_64
uname -s = Linux
uname -v = #1 SMP Thu Aug 13 22:55:16 UTC 2015

/usr/bin/uname -p = unknown
/bin/uname -X     = unknown

/bin/arch              = x86_64
/usr/bin/arch -k       = unknown
/usr/convex/getsysinfo = unknown
/usr/bin/hostinfo      = unknown
/bin/machine           = unknown
/usr/bin/oslevel       = unknown
/bin/universe          = unknown

PATH: /opt/rh/devtoolset-3/root/usr/bin
PATH: /usr/local/bin
PATH: /bin
PATH: /usr/bin
PATH: /home/chen/bin
PATH: /usr/local/sbin
PATH: /usr/sbin
PATH: /sbin


## ----------- ##
## Core tests. ##
## ----------- ##

configure:1874: checking for a BSD-compatible install
configure:1942: result: /usr/bin/install -c
configure:1953: checking whether build environment is sane
configure:2013: result: yes
configure:2154: checking for a thread-safe mkdir -p
configure:2193: result: /bin/mkdir -p
configure:2206: checking for gawk
configure:2222: found /bin/gawk
configure:2233: result: gawk
configure:2244: checking whether make sets $(MAKE)
configure:2266: result: yes
configure:2397: checking for gcc
configure:2413: found /opt/rh/devtoolset-3/root/usr/bin/gcc
configure:2424: result: gcc
configure:2656: checking for C compiler version
configure:2664: gcc --version >&5
gcc (GCC) 4.9.2 20150212 (Red Hat 4.9.2-6)
Copyright (C) 2014 Free Software Foundation, Inc.
This is free software; see the source for copying conditions.  There is NO
warranty; not even for MERCHANTABILITY or FITNESS FOR A PARTICULAR PURPOSE.

configure:2668: $? = 0
configure:2675: gcc -v >&5
Using built-in specs.
COLLECT_GCC=gcc
COLLECT_LTO_WRAPPER=/opt/rh/devtoolset-3/root/usr/libexec/gcc/x86_64-redhat-linux/4.9.2/lto-wrapper
Target: x86_64-redhat-linux
Configured with: ../configure --prefix=/opt/rh/devtoolset-3/root/usr --mandir=/opt/rh/devtoolset-3/root/usr/share/man --infodir=/opt/rh/devtoolset-3/root/usr/share/info --with-bugurl=http://bugzilla.redhat.com/bugzilla --enable-bootstrap --enable-shared --enable-threads=posix --enable-checking=release --enable-multilib --with-system-zlib --enable-__cxa_atexit --disable-libunwind-exceptions --enable-gnu-unique-object --enable-linker-build-id --enable-languages=c,c++,fortran,lto --enable-plugin --with-linker-hash-style=gnu --enable-initfini-array --disable-libgcj --with-isl=/builddir/build/BUILD/gcc-4.9.2-20150212/obj-x86_64-redhat-linux/isl-install --with-cloog=/builddir/build/BUILD/gcc-4.9.2-20150212/obj-x86_64-redhat-linux/cloog-install --with-mpc=/builddir/build/BUILD/gcc-4.9.2-20150212/obj-x86_64-redhat-linux/mpc-install --with-tune=generic --with-arch_32=i686 --build=x86_64-redhat-linux
Thread model: posix
gcc version 4.9.2 20150212 (Red Hat 4.9.2-6) (GCC) 
configure:2679: $? = 0
configure:2686: gcc -V >&5
gcc: error: unrecognized command line option '-V'
gcc: fatal error: no input files
compilation terminated.
configure:2690: $? = 4
configure:2713: checking for C compiler default output file name
configure:2735: gcc    conftest.c  >&5
configure:2739: $? = 0
configure:2777: result: a.out
configure:2796: checking whether the C compiler works
configure:2806: ./a.out
configure:2810: $? = 0
configure:2829: result: yes
configure:2836: checking whether we are cross compiling
configure:2838: result: no
configure:2841: checking for suffix of executables
configure:2848: gcc -o conftest    conftest.c  >&5
configure:2852: $? = 0
configure:2878: result: 
configure:2884: checking for suffix of object files
configure:2910: gcc -c   conftest.c >&5
configure:2914: $? = 0
configure:2939: result: o
configure:2943: checking whether we are using the GNU C compiler
configure:2972: gcc -c   conftest.c >&5
configure:2979: $? = 0
configure:2996: result: yes
configure:3005: checking whether gcc accepts -g
configure:3035: gcc -c -g  conftest.c >&5
configure:3042: $? = 0
configure:3143: result: yes
configure:3160: checking for gcc option to accept ISO C89
configure:3234: gcc  -c -g -O2  conftest.c >&5
configure:3241: $? = 0
configure:3264: result: none needed
configure:3293: checking for style of include used by make
configure:3321: result: GNU
configure:3346: checking dependency style of gcc
configure:3456: result: gcc3
configure:3481: checking how to run the C preprocessor
configure:3521: gcc -E  conftest.c
configure:3528: $? = 0
configure:3559: gcc -E  conftest.c
conftest.c:10:28: fatal error: ac_nonexistent.h: No such file or directory
 #include <ac_nonexistent.h>
                            ^
compilation terminated.
configure:3566: $? = 1
configure: failed program was:
| /* confdefs.h.  */
| #define PACKAGE_NAME "solver"
| #define PACKAGE_TARNAME "solver"
| #define PACKAGE_VERSION "0.2"
| #define PACKAGE_STRING "solver 0.2"
| #define PACKAGE_BUGREPORT "jie211.jp@gmail.com"
| #define PACKAGE "solver"
| #define VERSION "0.2"
| /* end confdefs.h.  */
| #include <ac_nonexistent.h>
configure:3599: result: gcc -E
configure:3628: gcc -E  conftest.c
configure:3635: $? = 0
configure:3666: gcc -E  conftest.c
conftest.c:10:28: fatal error: ac_nonexistent.h: No such file or directory
 #include <ac_nonexistent.h>
                            ^
compilation terminated.
configure:3673: $? = 1
configure: failed program was:
| /* confdefs.h.  */
| #define PACKAGE_NAME "solver"
| #define PACKAGE_TARNAME "solver"
| #define PACKAGE_VERSION "0.2"
| #define PACKAGE_STRING "solver 0.2"
| #define PACKAGE_BUGREPORT "jie211.jp@gmail.com"
| #define PACKAGE "solver"
| #define VERSION "0.2"
| /* end confdefs.h.  */
| #include <ac_nonexistent.h>
configure:3713: checking for grep that handles long lines and -e
configure:3773: result: /bin/grep
configure:3778: checking for egrep
configure:3842: result: /bin/grep -E
configure:3847: checking for ANSI C header files
configure:3877: gcc -c -g -O2  conftest.c >&5
configure:3884: $? = 0
configure:3983: gcc -o conftest -g -O2   conftest.c  >&5
configure:3987: $? = 0
configure:3993: ./conftest
configure:3997: $? = 0
configure:4015: result: yes
configure:4039: checking for sys/types.h
configure:4060: gcc -c -g -O2  conftest.c >&5
configure:4067: $? = 0
configure:4084: result: yes
configure:4039: checking for sys/stat.h
configure:4060: gcc -c -g -O2  conftest.c >&5
configure:4067: $? = 0
configure:4084: result: yes
configure:4039: checking for stdlib.h
configure:4060: gcc -c -g -O2  conftest.c >&5
configure:4067: $? = 0
configure:4084: result: yes
configure:4039: checking for string.h
configure:4060: gcc -c -g -O2  conftest.c >&5
configure:4067: $? = 0
configure:4084: result: yes
configure:4039: checking for memory.h
configure:4060: gcc -c -g -O2  conftest.c >&5
configure:4067: $? = 0
configure:4084: result: yes
configure:4039: checking for strings.h
configure:4060: gcc -c -g -O2  conftest.c >&5
configure:4067: $? = 0
configure:4084: result: yes
configure:4039: checking for inttypes.h
configure:4060: gcc -c -g -O2  conftest.c >&5
configure:4067: $? = 0
configure:4084: result: yes
configure:4039: checking for stdint.h
configure:4060: gcc -c -g -O2  conftest.c >&5
configure:4067: $? = 0
configure:4084: result: yes
configure:4039: checking for unistd.h
configure:4060: gcc -c -g -O2  conftest.c >&5
configure:4067: $? = 0
configure:4084: result: yes
configure:4105: checking for stdlib.h
configure:4112: result: yes
configure:4105: checking for string.h
configure:4112: result: yes
configure:4116: checking sys/time.h usability
configure:4133: gcc -c -g -O2  conftest.c >&5
configure:4140: $? = 0
configure:4154: result: yes
configure:4158: checking sys/time.h presence
configure:4173: gcc -E  conftest.c
configure:4180: $? = 0
configure:4194: result: yes
configure:4227: checking for sys/time.h
configure:4236: result: yes
configure:4260: checking for stdlib.h
configure:4267: result: yes
configure:4406: checking for GNU libc compatible malloc
configure:4440: gcc -o conftest -g -O2   conftest.c  >&5
configure:4444: $? = 0
configure:4450: ./conftest
configure:4454: $? = 0
configure:4471: result: yes
configure:4504: checking for gettimeofday
configure:4560: gcc -o conftest -g -O2   conftest.c  >&5
configure:4567: $? = 0
configure:4589: result: yes
configure:4504: checking for sqrt
configure:4560: gcc -o conftest -g -O2   conftest.c  >&5
conftest.c:49:6: warning: conflicting types for built-in function 'sqrt'
 char sqrt ();
      ^
/tmp/ccqFYFca.o: In function `main':
/home/chen/lecture/conjugate-gradient-method/conftest.c:60: undefined reference to `sqrt'
collect2: error: ld returned 1 exit status
configure:4567: $? = 1
configure: failed program was:
| /* confdefs.h.  */
| #define PACKAGE_NAME "solver"
| #define PACKAGE_TARNAME "solver"
| #define PACKAGE_VERSION "0.2"
| #define PACKAGE_STRING "solver 0.2"
| #define PACKAGE_BUGREPORT "jie211.jp@gmail.com"
| #define PACKAGE "solver"
| #define VERSION "0.2"
| #define STDC_HEADERS 1
| #define HAVE_SYS_TYPES_H 1
| #define HAVE_SYS_STAT_H 1
| #define HAVE_STDLIB_H 1
| #define HAVE_STRING_H 1
| #define HAVE_MEMORY_H 1
| #define HAVE_STRINGS_H 1
| #define HAVE_INTTYPES_H 1
| #define HAVE_STDINT_H 1
| #define HAVE_UNISTD_H 1
| #define HAVE_STDLIB_H 1
| #define HAVE_STRING_H 1
| #define HAVE_SYS_TIME_H 1
| #define HAVE_STDLIB_H 1
| #define HAVE_MALLOC 1
| #define HAVE_GETTIMEOFDAY 1
| /* end confdefs.h.  */
| /* Define sqrt to an innocuous variant, in case <limits.h> declares sqrt.
|    For example, HP-UX 11i <limits.h> declares gettimeofday.  */
| #define sqrt innocuous_sqrt
| 
| /* System header to define __stub macros and hopefully few prototypes,
|     which can conflict with char sqrt (); below.
|     Prefer <limits.h> to <assert.h> if __STDC__ is defined, since
|     <limits.h> exists even on freestanding compilers.  */
| 
| #ifdef __STDC__
| # include <limits.h>
| #else
| # include <assert.h>
| #endif
| 
| #undef sqrt
| 
| /* Override any GCC internal prototype to avoid an error.
|    Use char because int might match the return type of a GCC
|    builtin and then its argument prototype would still apply.  */
| #ifdef __cplusplus
| extern "C"
| #endif
| char sqrt ();
| /* The GNU C library defines this for functions which it implements
|     to always fail with ENOSYS.  Some functions are actually named
|     something starting with __ and the normal name is an alias.  */
| #if defined __stub_sqrt || defined __stub___sqrt
| choke me
| #endif
| 
| int
| main ()
| {
| return sqrt ();
|   ;
|   return 0;
| }
configure:4589: result: no
configure:4728: creating ./config.status

## ---------------------- ##
## Running config.status. ##
## ---------------------- ##

This file was extended by solver config.status 0.2, which was
generated by GNU Autoconf 2.63.  Invocation command line was

  CONFIG_FILES    = 
  CONFIG_HEADERS  = 
  CONFIG_LINKS    = 
  CONFIG_COMMANDS = 
  $ ./config.status 

on miro.ikulab.net

config.status:777: creating Makefile
config.status:777: creating config.h
config.status:999: config.h is unchanged
config.status:1051: executing depfiles commands

## ---------------- ##
## Cache variables. ##
## ---------------- ##

ac_cv_c_compiler_gnu=yes
ac_cv_env_CC_set=
ac_cv_env_CC_value=
ac_cv_env_CFLAGS_set=
ac_cv_env_CFLAGS_value=
ac_cv_env_CPPFLAGS_set=
ac_cv_env_CPPFLAGS_value=
ac_cv_env_CPP_set=
ac_cv_env_CPP_value=
ac_cv_env_LDFLAGS_set=
ac_cv_env_LDFLAGS_value=
ac_cv_env_LIBS_set=
ac_cv_env_LIBS_value=
ac_cv_env_build_alias_set=
ac_cv_env_build_alias_value=
ac_cv_env_host_alias_set=
ac_cv_env_host_alias_value=
ac_cv_env_target_alias_set=
ac_cv_env_target_alias_value=
ac_cv_func_gettimeofday=yes
ac_cv_func_malloc_0_nonnull=yes
ac_cv_func_sqrt=no
ac_cv_header_inttypes_h=yes
ac_cv_header_memory_h=yes
ac_cv_header_stdc=yes
ac_cv_header_stdint_h=yes
ac_cv_header_stdlib_h=yes
ac_cv_header_string_h=yes
ac_cv_header_strings_h=yes
ac_cv_header_sys_stat_h=yes
ac_cv_header_sys_time_h=yes
ac_cv_header_sys_types_h=yes
ac_cv_header_unistd_h=yes
ac_cv_objext=o
ac_cv_path_EGREP='/bin/grep -E'
ac_cv_path_GREP=/bin/grep
ac_cv_path_install='/usr/bin/install -c'
ac_cv_path_mkdir=/bin/mkdir
ac_cv_prog_AWK=gawk
ac_cv_prog_CPP='gcc -E'
ac_cv_prog_ac_ct_CC=gcc
ac_cv_prog_cc_c89=
ac_cv_prog_cc_g=yes
ac_cv_prog_make_make_set=yes
am_cv_CC_dependencies_compiler_type=gcc3

## ----------------- ##
## Output variables. ##
## ----------------- ##

ACLOCAL='${SHELL} /home/chen/lecture/conjugate-gradient-method/missing --run aclocal-1.11'
AMDEPBACKSLASH='\'
AMDEP_FALSE='#'
AMDEP_TRUE=''
AMTAR='${SHELL} /home/chen/lecture/conjugate-gradient-method/missing --run tar'
AUTOCONF='${SHELL} /home/chen/lecture/conjugate-gradient-method/missing --run autoconf'
AUTOHEADER='${SHELL} /home/chen/lecture/conjugate-gradient-method/missing --run autoheader'
AUTOMAKE='${SHELL} /home/chen/lecture/conjugate-gradient-method/missing --run automake-1.11'
AWK='gawk'
CC='gcc'
CCDEPMODE='depmode=gcc3'
CFLAGS='-g -O2'
CPP='gcc -E'
CPPFLAGS=''
CYGPATH_W='echo'
DEFS='-DHAVE_CONFIG_H'
DEPDIR='.deps'
ECHO_C=''
ECHO_N='-n'
ECHO_T=''
EGREP='/bin/grep -E'
EXEEXT=''
GREP='/bin/grep'
INSTALL_DATA='${INSTALL} -m 644'
INSTALL_PROGRAM='${INSTALL}'
INSTALL_SCRIPT='${INSTALL}'
INSTALL_STRIP_PROGRAM='$(install_sh) -c -s'
LDFLAGS=''
LIBOBJS=''
LIBS=''
LTLIBOBJS=''
MAKEINFO='${SHELL} /home/chen/lecture/conjugate-gradient-method/missing --run makeinfo'
MKDIR_P='/bin/mkdir -p'
OBJEXT='o'
PACKAGE='solver'
PACKAGE_BUGREPORT='jie211.jp@gmail.com'
PACKAGE_NAME='solver'
PACKAGE_STRING='solver 0.2'
PACKAGE_TARNAME='solver'
PACKAGE_VERSION='0.2'
PATH_SEPARATOR=':'
SET_MAKE=''
SHELL='/bin/sh'
STRIP=''
VERSION='0.2'
ac_ct_CC='gcc'
am__EXEEXT_FALSE=''
am__EXEEXT_TRUE='#'
am__fastdepCC_FALSE='#'
am__fastdepCC_TRUE=''
am__include='include'
am__isrc=''
am__leading_dot='.'
am__quote=''
am__tar='${AMTAR} chof - "$$tardir"'
am__untar='${AMTAR} xf -'
bindir='${exec_prefix}/bin'
build_alias=''
datadir='${datarootdir}'
datarootdir='${prefix}/share'
docdir='${datarootdir}/doc/${PACKAGE_TARNAME}'
dvidir='${docdir}'
exec_prefix='${prefix}'
host_alias=''
htmldir='${docdir}'
includedir='${prefix}/include'
infodir='${datarootdir}/info'
install_sh='${SHELL} /home/chen/lecture/conjugate-gradient-method/install-sh'
libdir='${exec_prefix}/lib'
libexecdir='${exec_prefix}/libexec'
localedir='${datarootdir}/locale'
localstatedir='${prefix}/var'
mandir='${datarootdir}/man'
mkdir_p='/bin/mkdir -p'
oldincludedir='/usr/include'
pdfdir='${docdir}'
prefix='/usr/local'
program_transform_name='s,x,x,'
psdir='${docdir}'
sbindir='${exec_prefix}/sbin'
sharedstatedir='${prefix}/com'
sysconfdir='${prefix}/etc'
target_alias=''

## ----------- ##
## confdefs.h. ##
## ----------- ##

#define PACKAGE_NAME "solver"
#define PACKAGE_TARNAME "solver"
#define PACKAGE_VERSION "0.2"
#define PACKAGE_STRING "solver 0.2"
#define PACKAGE_BUGREPORT "jie211.jp@gmail.com"
#define PACKAGE "solver"
#define VERSION "0.2"
#define STDC_HEADERS 1
#define HAVE_SYS_TYPES_H 1
#define HAVE_SYS_STAT_H 1
#define HAVE_STDLIB_H 1
#define HAVE_STRING_H 1
#define HAVE_MEMORY_H 1
#define HAVE_STRINGS_H 1
#define HAVE_INTTYPES_H 1
#define HAVE_STDINT_H 1
#define HAVE_UNISTD_H 1
#define HAVE_STDLIB_H 1
#define HAVE_STRING_H 1
#define HAVE_SYS_TIME_H 1
#define HAVE_STDLIB_H 1
#define HAVE_MALLOC 1
#define HAVE_GETTIMEOFDAY 1

configure: exit 0

## ---------------------- ##
## Running config.status. ##
## ---------------------- ##

This file was extended by solver config.status 0.2, which was
generated by GNU Autoconf 2.63.  Invocation command line was

  CONFIG_FILES    = 
  CONFIG_HEADERS  = 
  CONFIG_LINKS    = 
  CONFIG_COMMANDS = 
  $ ./config.status Makefile depfiles

on miro.ikulab.net

config.status:777: creating Makefile
config.status:1051: executing depfiles commands

## ---------------------- ##
## Running config.status. ##
## ---------------------- ##

This file was extended by solver config.status 0.2, which was
generated by GNU Autoconf 2.63.  Invocation command line was

  CONFIG_FILES    = 
  CONFIG_HEADERS  = 
  CONFIG_LINKS    = 
  CONFIG_COMMANDS = 
  $ ./config.status Makefile depfiles

on miro.ikulab.net

config.status:777: creating Makefile
config.status:1051: executing depfiles commands
